<?xml version="1.0" encoding="UTF-8" ?>
<testsuite tests="116" failures="2" name="runner.ApiRunnerTest" time="0.02" errors="0" skipped="0">
  <properties>
    <property name="java.runtime.name" value="Java(TM) SE Runtime Environment"/>
    <property name="sun.boot.library.path" value="C:\Program Files\Java\jdk1.8.0_221\jre\bin"/>
    <property name="java.vm.version" value="25.221-b11"/>
    <property name="java.vm.vendor" value="Oracle Corporation"/>
    <property name="maven.multiModuleProjectDirectory" value="G:\Automation\git2021\cxtPolicy"/>
    <property name="java.vendor.url" value="http://java.oracle.com/"/>
    <property name="path.separator" value=";"/>
    <property name="guice.disable.misplaced.annotation.check" value="true"/>
    <property name="java.vm.name" value="Java HotSpot(TM) 64-Bit Server VM"/>
    <property name="file.encoding.pkg" value="sun.io"/>
    <property name="user.script" value=""/>
    <property name="user.country" value="US"/>
    <property name="sun.java.launcher" value="SUN_STANDARD"/>
    <property name="sun.os.patch.level" value=""/>
    <property name="java.vm.specification.name" value="Java Virtual Machine Specification"/>
    <property name="user.dir" value="G:\Automation\git2021\cxtPolicy"/>
    <property name="java.runtime.version" value="1.8.0_221-b11"/>
    <property name="java.awt.graphicsenv" value="sun.awt.Win32GraphicsEnvironment"/>
    <property name="java.endorsed.dirs" value="C:\Program Files\Java\jdk1.8.0_221\jre\lib\endorsed"/>
    <property name="os.arch" value="amd64"/>
    <property name="java.io.tmpdir" value="C:\Users\Tom\AppData\Local\Temp\"/>
    <property name="line.separator" value="
"/>
    <property name="java.vm.specification.vendor" value="Oracle Corporation"/>
    <property name="user.variant" value=""/>
    <property name="os.name" value="Windows 10"/>
    <property name="classworlds.conf" value="C:\Automation\Hau.Automation\.metadata\.plugins\org.eclipse.m2e.launching\launches\m2conf4909245388057073768.tmp"/>
    <property name="sun.jnu.encoding" value="Cp1252"/>
    <property name="java.library.path" value="C:\Program Files\Java\jdk1.8.0_221\bin;C:\WINDOWS\Sun\Java\bin;C:\WINDOWS\system32;C:\WINDOWS;C:/Program Files/Java/jre1.8.0_221/bin/server;C:/Program Files/Java/jre1.8.0_221/bin;C:/Program Files/Java/jre1.8.0_221/lib/amd64;C:\Program Files (x86)\Common Files\Oracle\Java\javapath;C:\WINDOWS\system32;C:\WINDOWS;C:\WINDOWS\System32\Wbem;C:\WINDOWS\System32\WindowsPowerShell\v1.0\;C:\Program Files\Intel\WiFi\bin\;C:\Program Files\Common Files\Intel\WirelessCommon\;C:\WINDOWS\System32\OpenSSH\;C:\JMeter\bin;C:\Program Files\Java\jdk1.8.0_221\bin;C:\AUtomation\android-sdk\platform-tools;C:\Program Files (x86)\NVIDIA Corporation\PhysX\Common;C:\Program Files\NVIDIA Corporation\NVIDIA NvDLISR;C:\Program Files\Git\cmd;C:\Program Files (x86)\nodejs\;C:\Program Files\apache-ant-1.10.9\bin;C:\Automation\curl-7.72.0_3-win64-mingw\curl-7.72.0-win64-mingw\bin;C:\Program Files\Intel\WiFi\bin\;C:\Program Files\Common Files\Intel\WirelessCommon\;C:\Users\Tom\AppData\Local\Microsoft\WindowsApps;C:\Users\Tom\AppData\Roaming\npm;C:\Users\Tom\AppData\Local\GitHubDesktop\bin;C:\Program Files\apache-maven-3.8.1\bin;;C:\AUtomation\eclipse-dsl-neon-3-win32-x86_64\eclipse;;."/>
    <property name="java.specification.name" value="Java Platform API Specification"/>
    <property name="java.class.version" value="52.0"/>
    <property name="sun.management.compiler" value="HotSpot 64-Bit Tiered Compilers"/>
    <property name="os.version" value="10.0"/>
    <property name="user.home" value="C:\Users\Tom"/>
    <property name="user.timezone" value="Asia/Bangkok"/>
    <property name="java.awt.printerjob" value="sun.awt.windows.WPrinterJob"/>
    <property name="java.specification.version" value="1.8"/>
    <property name="file.encoding" value="UTF-8"/>
    <property name="user.name" value="Tom"/>
    <property name="java.class.path" value="/C:/Automation/eclipse-dsl-neon-3-win32-x86_64/eclipse/plugins/org.eclipse.m2e.maven.runtime_1.7.0.20160603-1931/jars/plexus-classworlds-2.5.2.jar"/>
    <property name="java.vm.specification.version" value="1.8"/>
    <property name="sun.arch.data.model" value="64"/>
    <property name="java.home" value="C:\Program Files\Java\jdk1.8.0_221\jre"/>
    <property name="sun.java.command" value="org.codehaus.plexus.classworlds.launcher.Launcher -B test"/>
    <property name="java.specification.vendor" value="Oracle Corporation"/>
    <property name="user.language" value="en"/>
    <property name="awt.toolkit" value="sun.awt.windows.WToolkit"/>
    <property name="java.vm.info" value="mixed mode"/>
    <property name="java.version" value="1.8.0_221"/>
    <property name="java.ext.dirs" value="C:\Program Files\Java\jdk1.8.0_221\jre\lib\ext;C:\WINDOWS\Sun\Java\lib\ext"/>
    <property name="sun.boot.class.path" value="C:\Program Files\Java\jdk1.8.0_221\jre\lib\resources.jar;C:\Program Files\Java\jdk1.8.0_221\jre\lib\rt.jar;C:\Program Files\Java\jdk1.8.0_221\jre\lib\sunrsasign.jar;C:\Program Files\Java\jdk1.8.0_221\jre\lib\jsse.jar;C:\Program Files\Java\jdk1.8.0_221\jre\lib\jce.jar;C:\Program Files\Java\jdk1.8.0_221\jre\lib\charsets.jar;C:\Program Files\Java\jdk1.8.0_221\jre\lib\jfr.jar;C:\Program Files\Java\jdk1.8.0_221\jre\classes"/>
    <property name="java.vendor" value="Oracle Corporation"/>
    <property name="maven.home" value="G:\Automation\git2021\cxtPolicy\EMBEDDED"/>
    <property name="file.separator" value="\"/>
    <property name="java.vendor.url.bug" value="http://bugreport.sun.com/bugreport/"/>
    <property name="sun.cpu.endian" value="little"/>
    <property name="sun.io.unicode.encoding" value="UnicodeLittle"/>
    <property name="sun.desktop" value="windows"/>
    <property name="sun.cpu.isalist" value="amd64"/>
  </properties>
  <testcase classname="| 2816548240% | 2000 |" name="Given I already authorozied" time="0.002"/>
  <testcase classname="| 2816548240% | 2000 |" name="When I call API to search by inputing invalid policy number &quot;2816548240%&quot;" time="0"/>
  <testcase classname="| 2816548240% | 2000 |" name="Then system response no content with status code &quot;2000&quot;" time="0.003">
    <failure message="expected:&lt;2000&gt; but was:&lt;204&gt;" type="java.lang.AssertionError">java.lang.AssertionError: expected:&lt;2000&gt; but was:&lt;204&gt;
	at org.junit.Assert.fail(Assert.java:88)
	at org.junit.Assert.failNotEquals(Assert.java:834)
	at org.junit.Assert.assertEquals(Assert.java:645)
	at org.junit.Assert.assertEquals(Assert.java:631)
	at stepDefinitions.NegativeSearch.systemResponseNoContentWithStatusCode(NegativeSearch.java:39)
	at ✽.Then system response no content with status code &quot;2000&quot;(src/test/resources/Feature/policyEnquery.feature:9)
</failure>
  </testcase>
  <testcase classname="| 2816548240% | 2000 |" name="| 2816548240% | 2000 |" time="0.003">
    <failure message="expected:&lt;2000&gt; but was:&lt;204&gt;" type="java.lang.AssertionError">java.lang.AssertionError: expected:&lt;2000&gt; but was:&lt;204&gt;
	at org.junit.Assert.fail(Assert.java:88)
	at org.junit.Assert.failNotEquals(Assert.java:834)
	at org.junit.Assert.assertEquals(Assert.java:645)
	at org.junit.Assert.assertEquals(Assert.java:631)
	at stepDefinitions.NegativeSearch.systemResponseNoContentWithStatusCode(NegativeSearch.java:39)
	at ✽.Then system response no content with status code &quot;2000&quot;(src/test/resources/Feature/policyEnquery.feature:9)
</failure>
  </testcase>
  <testcase classname="| %2816548240% | 204 |" name="Given I already authorozied" time="0"/>
  <testcase classname="| %2816548240% | 204 |" name="When I call API to search by inputing invalid policy number &quot;%2816548240%&quot;" time="0"/>
  <testcase classname="| %2816548240% | 204 |" name="Then system response no content with status code &quot;204&quot;" time="0"/>
  <testcase classname="| %2816548240% | 204 |" name="| %2816548240% | 204 |" time="0"/>
  <testcase classname="|  | 204 |" name="Given I already authorozied" time="0"/>
  <testcase classname="|  | 204 |" name="When I call API to search by inputing invalid policy number &quot;&quot;" time="0"/>
  <testcase classname="|  | 204 |" name="Then system response no content with status code &quot;204&quot;" time="0"/>
  <testcase classname="|  | 204 |" name="|  | 204 |" time="0.001"/>
  <testcase classname="| 2816548240 | 200 |" name="Given I already get authorization" time="0"/>
  <testcase classname="| 2816548240 | 200 |" name="When I call API to search by inputing valid policy number &quot;2816548240&quot;" time="0"/>
  <testcase classname="| 2816548240 | 200 |" name="Then system response with status code &quot;200&quot;" time="0"/>
  <testcase classname="| 2816548240 | 200 |" name="| 2816548240 | 200 |" time="0"/>
  <testcase classname="| 2871284582 | 200 |" name="Given I already get authorization" time="0"/>
  <testcase classname="| 2871284582 | 200 |" name="When I call API to search by inputing valid policy number &quot;2871284582&quot;" time="0"/>
  <testcase classname="| 2871284582 | 200 |" name="Then system response with status code &quot;200&quot;" time="0"/>
  <testcase classname="| 2871284582 | 200 |" name="| 2871284582 | 200 |" time="0.001"/>
  <testcase classname="| 2816548240 |" name="Given I search policy successfully &quot;2816548240&quot;" time="0"/>
  <testcase classname="| 2816548240 |" name="Then I can get correct response field name" time="0"/>
  <testcase classname="| 2816548240 |" name="| 2816548240 |" time="0.001"/>
  <testcase classname="| 2816548240 | SS029 |" name="Given I can search a policy &quot;2816548240&quot;" time="0"/>
  <testcase classname="| 2816548240 | SS029 |" name="Then I get correct policyNumber &quot;2816548240&quot;" time="0"/>
  <testcase classname="| 2816548240 | SS029 |" name="And I get correct excludeInfo" time="0"/>
  <testcase classname="| 2816548240 | SS029 |" name="And I get correct bancaInd" time="0"/>
  <testcase classname="| 2816548240 | SS029 |" name="And I get correct agentCode &quot;SS029&quot;" time="0"/>
  <testcase classname="| 2816548240 | SS029 |" name="And I get correct agentMobile" time="0"/>
  <testcase classname="| 2816548240 | SS029 |" name="And I get correct agentName" time="0"/>
  <testcase classname="| 2816548240 | SS029 |" name="And I get correct locationCode" time="0"/>
  <testcase classname="| 2816548240 | SS029 |" name="And I get correct gracePeriod" time="0"/>
  <testcase classname="| 2816548240 | SS029 |" name="And I get correct ostPrem" time="0"/>
  <testcase classname="| 2816548240 | SS029 |" name="| 2816548240 | SS029 |" time="0"/>
  <testcase classname="| 2871284582 | FT487 |" name="Given I can search a policy &quot;2871284582&quot;" time="0"/>
  <testcase classname="| 2871284582 | FT487 |" name="Then I get correct policyNumber &quot;2871284582&quot;" time="0"/>
  <testcase classname="| 2871284582 | FT487 |" name="And I get correct excludeInfo" time="0"/>
  <testcase classname="| 2871284582 | FT487 |" name="And I get correct bancaInd" time="0"/>
  <testcase classname="| 2871284582 | FT487 |" name="And I get correct agentCode &quot;FT487&quot;" time="0"/>
  <testcase classname="| 2871284582 | FT487 |" name="And I get correct agentMobile" time="0"/>
  <testcase classname="| 2871284582 | FT487 |" name="And I get correct agentName" time="0"/>
  <testcase classname="| 2871284582 | FT487 |" name="And I get correct locationCode" time="0"/>
  <testcase classname="| 2871284582 | FT487 |" name="And I get correct gracePeriod" time="0"/>
  <testcase classname="| 2871284582 | FT487 |" name="And I get correct ostPrem" time="0"/>
  <testcase classname="| 2871284582 | FT487 |" name="| 2871284582 | FT487 |" time="0"/>
  <testcase classname="| 2816548240 | 2802978231 |" name="Given I search a policy &quot;2816548240&quot;" time="0"/>
  <testcase classname="| 2816548240 | 2802978231 |" name="And I get correct clientNumber &quot;2802978231&quot;" time="0"/>
  <testcase classname="| 2816548240 | 2802978231 |" name="And I get correct clientName" time="0"/>
  <testcase classname="| 2816548240 | 2802978231 |" name="And I get correct idNumber" time="0"/>
  <testcase classname="| 2816548240 | 2802978231 |" name="And I get correct idIssueDate" time="0"/>
  <testcase classname="| 2816548240 | 2802978231 |" name="And I get correct idIssuePlace" time="0"/>
  <testcase classname="| 2816548240 | 2802978231 |" name="And I get correct sexCode" time="0.001"/>
  <testcase classname="| 2816548240 | 2802978231 |" name="And I get correct birthdate" time="0"/>
  <testcase classname="| 2816548240 | 2802978231 |" name="And I get correct vipInd" time="0"/>
  <testcase classname="| 2816548240 | 2802978231 |" name="| 2816548240 | 2802978231 |" time="0.001"/>
  <testcase classname="| 2871284582 | 2805363580 |" name="Given I search a policy &quot;2871284582&quot;" time="0"/>
  <testcase classname="| 2871284582 | 2805363580 |" name="And I get correct clientNumber &quot;2805363580&quot;" time="0"/>
  <testcase classname="| 2871284582 | 2805363580 |" name="And I get correct clientName" time="0"/>
  <testcase classname="| 2871284582 | 2805363580 |" name="And I get correct idNumber" time="0"/>
  <testcase classname="| 2871284582 | 2805363580 |" name="And I get correct idIssueDate" time="0.001"/>
  <testcase classname="| 2871284582 | 2805363580 |" name="And I get correct idIssuePlace" time="0"/>
  <testcase classname="| 2871284582 | 2805363580 |" name="And I get correct sexCode" time="0"/>
  <testcase classname="| 2871284582 | 2805363580 |" name="And I get correct birthdate" time="0"/>
  <testcase classname="| 2871284582 | 2805363580 |" name="And I get correct vipInd" time="0"/>
  <testcase classname="| 2871284582 | 2805363580 |" name="| 2871284582 | 2805363580 |" time="0"/>
  <testcase classname="| 2816548240 | 20171231 | I | I |" name="Given I can search policy&apos;s COVERAGES &quot;2816548240&quot;" time="0"/>
  <testcase classname="| 2816548240 | 20171231 | I | I |" name="Then I get coverageEffectiveDate &quot;20171231&quot;" time="0"/>
  <testcase classname="| 2816548240 | 20171231 | I | I |" name="And I get coverageIssueDate" time="0"/>
  <testcase classname="| 2816548240 | 20171231 | I | I |" name="And I get coverageXpryDate" time="0"/>
  <testcase classname="| 2816548240 | 20171231 | I | I |" name="And I get coverageCode" time="0"/>
  <testcase classname="| 2816548240 | 20171231 | I | I |" name="And I get mcStatusCode &quot;I&quot;" time="0"/>
  <testcase classname="| 2816548240 | 20171231 | I | I |" name="And I get mcEffectiveDate" time="0"/>
  <testcase classname="| 2816548240 | 20171231 | I | I |" name="And I get coverageClass" time="0"/>
  <testcase classname="| 2816548240 | 20171231 | I | I |" name="And I get coverageStatusCode &quot;I&quot;" time="0"/>
  <testcase classname="| 2816548240 | 20171231 | I | I |" name="And I get coveragePrem;" time="0"/>
  <testcase classname="| 2816548240 | 20171231 | I | I |" name="| 2816548240 | 20171231 | I | I |" time="0"/>
  <testcase classname="| 2871284582 | 20210327 | N |  |" name="Given I can search policy&apos;s COVERAGES &quot;2871284582&quot;" time="0"/>
  <testcase classname="| 2871284582 | 20210327 | N |  |" name="Then I get coverageEffectiveDate &quot;20210327&quot;" time="0"/>
  <testcase classname="| 2871284582 | 20210327 | N |  |" name="And I get coverageIssueDate" time="0"/>
  <testcase classname="| 2871284582 | 20210327 | N |  |" name="And I get coverageXpryDate" time="0"/>
  <testcase classname="| 2871284582 | 20210327 | N |  |" name="And I get coverageCode" time="0"/>
  <testcase classname="| 2871284582 | 20210327 | N |  |" name="And I get mcStatusCode &quot;&quot;" time="0"/>
  <testcase classname="| 2871284582 | 20210327 | N |  |" name="And I get mcEffectiveDate" time="0"/>
  <testcase classname="| 2871284582 | 20210327 | N |  |" name="And I get coverageClass" time="0"/>
  <testcase classname="| 2871284582 | 20210327 | N |  |" name="And I get coverageStatusCode &quot;N&quot;" time="0"/>
  <testcase classname="| 2871284582 | 20210327 | N |  |" name="And I get coveragePrem;" time="0"/>
  <testcase classname="| 2871284582 | 20210327 | N |  |" name="| 2871284582 | 20210327 | N |  |" time="0"/>
  <testcase classname="| 2816548240 | 2801422092 |" name="Given I can get response of policyNumber &quot;2816548240&quot;" time="0"/>
  <testcase classname="| 2816548240 | 2801422092 |" name="Then I get clientNumber &quot;2801422092&quot;" time="0"/>
  <testcase classname="| 2816548240 | 2801422092 |" name="And I get clientName" time="0"/>
  <testcase classname="| 2816548240 | 2801422092 |" name="And I get birthdate" time="0"/>
  <testcase classname="| 2816548240 | 2801422092 |" name="And I get sexCode" time="0"/>
  <testcase classname="| 2816548240 | 2801422092 |" name="And I get idNumber" time="0"/>
  <testcase classname="| 2816548240 | 2801422092 |" name="| 2816548240 | 2801422092 |" time="0.001"/>
  <testcase classname="| 2871284582 | 2805363580 |" name="Given I can get response of policyNumber &quot;2871284582&quot;" time="0"/>
  <testcase classname="| 2871284582 | 2805363580 |" name="Then I get clientNumber &quot;2805363580&quot;" time="0"/>
  <testcase classname="| 2871284582 | 2805363580 |" name="And I get clientName" time="0"/>
  <testcase classname="| 2871284582 | 2805363580 |" name="And I get birthdate" time="0"/>
  <testcase classname="| 2871284582 | 2805363580 |" name="And I get sexCode" time="0"/>
  <testcase classname="| 2871284582 | 2805363580 |" name="And I get idNumber" time="0.001"/>
  <testcase classname="| 2871284582 | 2805363580 |" name="| 2871284582 | 2805363580 |" time="0.001"/>
  <testcase classname="| 2816548240 | asCDDgdafshgbb,ki | 401 | invalid_token |" name="Given I search policyNumber &quot;2816548240&quot; with invalid token &quot;asCDDgdafshgbb,ki&quot;" time="0"/>
  <testcase classname="| 2816548240 | asCDDgdafshgbb,ki | 401 | invalid_token |" name="Then I get statusCode &quot;401&quot;" time="0"/>
  <testcase classname="| 2816548240 | asCDDgdafshgbb,ki | 401 | invalid_token |" name="And I get error message &quot;invalid_token&quot;" time="0"/>
  <testcase classname="| 2816548240 | asCDDgdafshgbb,ki | 401 | invalid_token |" name="| 2816548240 | asCDDgdafshgbb,ki | 401 | invalid_token |" time="0.001"/>
  <testcase classname="| 2871284582 | % | 401 | Invalid_token |" name="Given I search policyNumber &quot;2871284582&quot; with invalid token &quot;%&quot;" time="0.001"/>
  <testcase classname="| 2871284582 | % | 401 | Invalid_token |" name="Then I get statusCode &quot;401&quot;" time="0"/>
  <testcase classname="| 2871284582 | % | 401 | Invalid_token |" name="And I get error message &quot;Invalid_token&quot;" time="0"/>
  <testcase classname="| 2871284582 | % | 401 | Invalid_token |" name="| 2871284582 | % | 401 | Invalid_token |" time="0.001"/>
  <testcase classname="| 2871284582 |  | 400 | Invalid_request |" name="Given I search policyNumber &quot;2871284582&quot; with invalid token &quot;&quot;" time="0"/>
  <testcase classname="| 2871284582 |  | 400 | Invalid_request |" name="Then I get statusCode &quot;400&quot;" time="0"/>
  <testcase classname="| 2871284582 |  | 400 | Invalid_request |" name="And I get error message &quot;Invalid_request&quot;" time="0"/>
  <testcase classname="| 2871284582 |  | 400 | Invalid_request |" name="| 2871284582 |  | 400 | Invalid_request |" time="0"/>
  <testcase classname="Scenario: Verify response time" name="Given I call the API &quot;2816548240&quot;" time="0"/>
  <testcase classname="Scenario: Verify response time" name="Then response time should not exceed &quot;9000&quot; miliseconds" time="0"/>
  <testcase classname="Scenario: Verify response time" name="Scenario: Verify response time" time="0"/>
</testsuite>